#
# There is insufficient memory for the Java Runtime Environment to continue.
# Native memory allocation (malloc) failed to allocate 673136 bytes for Chunk::new
# Possible reasons:
#   The system is out of physical RAM or swap space
#   The process is running with CompressedOops enabled, and the Java Heap may be blocking the growth of the native heap
# Possible solutions:
#   Reduce memory load on the system
#   Increase physical memory or swap space
#   Check if swap backing store is full
#   Decrease Java heap size (-Xmx/-Xms)
#   Decrease number of Java threads
#   Decrease Java thread stack sizes (-Xss)
#   Set larger code cache with -XX:ReservedCodeCacheSize=
#   JVM is running with Unscaled Compressed Oops mode in which the Java heap is
#     placed in the first 4GB address space. The Java Heap base address is the
#     maximum limit for the native heap growth. Please use -XX:HeapBaseMinAddress
#     to set the Java Heap base and to place the Java Heap above 4GB virtual address.
# This output file may be truncated or incomplete.
#
#  Out of Memory Error (arena.cpp:189), pid=4796, tid=1664
#
# JRE version: Java(TM) SE Runtime Environment (17.0.1+12) (build 17.0.1+12-LTS-39)
# Java VM: Java HotSpot(TM) 64-Bit Server VM (17.0.1+12-LTS-39, mixed mode, sharing, tiered, compressed oops, compressed class ptrs, g1 gc, windows-amd64)
# No core dump will be written. Minidumps are not enabled by default on client versions of Windows
#

---------------  S U M M A R Y ------------

Command Line: --add-opens=java.base/java.util=ALL-UNNAMED --add-opens=java.base/java.lang=ALL-UNNAMED --add-opens=java.base/java.lang.invoke=ALL-UNNAMED --add-opens=java.base/java.util=ALL-UNNAMED --add-opens=java.prefs/java.util.prefs=ALL-UNNAMED --add-opens=java.prefs/java.util.prefs=ALL-UNNAMED --add-opens=java.base/java.nio.charset=ALL-UNNAMED --add-opens=java.base/java.net=ALL-UNNAMED --add-opens=java.base/java.util.concurrent.atomic=ALL-UNNAMED -Xmx2048m -Dfile.encoding=UTF-8 -Duser.country=IN -Duser.language=en -Duser.variant org.gradle.launcher.daemon.bootstrap.GradleDaemon 7.2

Host: Intel(R) Core(TM) i5-8300H CPU @ 2.30GHz, 8 cores, 7G,  Windows 10 , 64 bit Build 22000 (10.0.22000.318)
Time: Thu Mar 31 15:38:17 2022 India Standard Time elapsed time: 5.057490 seconds (0d 0h 0m 5s)

---------------  T H R E A D  ---------------

Current thread (0x00000261e55d49c0):  JavaThread "C2 CompilerThread1" daemon [_thread_in_native, id=1664, stack(0x00000073cd800000,0x00000073cd900000)]


Current CompileTask:
C2:   5057 2110   !   4       java.net.URLClassLoader::findClass (47 bytes)

Stack: [0x00000073cd800000,0x00000073cd900000]
Native frames: (J=compiled Java code, j=interpreted, Vv=VM code, C=native code)
V  [jvm.dll+0x66fa1a]
V  [jvm.dll+0x7ce5a4]
V  [jvm.dll+0x7cfd4e]
V  [jvm.dll+0x7d03b3]
V  [jvm.dll+0x242b05]
V  [jvm.dll+0xaa05b]
V  [jvm.dll+0xaa5ec]
V  [jvm.dll+0x2a953f]
V  [jvm.dll+0x5785a9]
V  [jvm.dll+0x21dd7d]
V  [jvm.dll+0x2172d1]
V  [jvm.dll+0x214f05]
V  [jvm.dll+0x1a168d]
V  [jvm.dll+0x224848]
V  [jvm.dll+0x2229ac]
V  [jvm.dll+0x78435b]
V  [jvm.dll+0x77e91a]
V  [jvm.dll+0x66e845]
C  [ucrtbase.dll+0x26c0c]
C  [KERNEL32.DLL+0x154e0]
C  [ntdll.dll+0x485b]


---------------  P R O C E S S  ---------------

Threads class SMR info:
_java_thread_list=0x00000261e4aaba00, length=26, elements={
0x00000261c26ae870, 0x00000261e277c270, 0x00000261e277de30, 0x00000261e278cda0,
0x00000261e278f760, 0x00000261e2790110, 0x00000261e2791ad0, 0x00000261e2795d60,
0x00000261e2796800, 0x00000261e27971f0, 0x00000261e34a6fd0, 0x00000261e34c74b0,
0x00000261e3caf140, 0x00000261e3cb2630, 0x00000261e3caf610, 0x00000261e3cb0950,
0x00000261e3cb0e20, 0x00000261e3cb12f0, 0x00000261e3caffb0, 0x00000261e3cb17c0,
0x00000261e3cb2b00, 0x00000261e3cafae0, 0x00000261e3cb0480, 0x00000261e3cb1c90,
0x00000261e3cb2160, 0x00000261e55d49c0
}

Java Threads: ( => current thread )
  0x00000261c26ae870 JavaThread "main" [_thread_blocked, id=2252, stack(0x00000073cb400000,0x00000073cb500000)]
  0x00000261e277c270 JavaThread "Reference Handler" daemon [_thread_blocked, id=10528, stack(0x00000073cbb00000,0x00000073cbc00000)]
  0x00000261e277de30 JavaThread "Finalizer" daemon [_thread_blocked, id=6984, stack(0x00000073cbc00000,0x00000073cbd00000)]
  0x00000261e278cda0 JavaThread "Signal Dispatcher" daemon [_thread_blocked, id=6340, stack(0x00000073cbd00000,0x00000073cbe00000)]
  0x00000261e278f760 JavaThread "Attach Listener" daemon [_thread_blocked, id=2528, stack(0x00000073cbe00000,0x00000073cbf00000)]
  0x00000261e2790110 JavaThread "Service Thread" daemon [_thread_blocked, id=9912, stack(0x00000073cbf00000,0x00000073cc000000)]
  0x00000261e2791ad0 JavaThread "Monitor Deflation Thread" daemon [_thread_blocked, id=5904, stack(0x00000073cc000000,0x00000073cc100000)]
  0x00000261e2795d60 JavaThread "C2 CompilerThread0" daemon [_thread_in_native, id=8620, stack(0x00000073cc100000,0x00000073cc200000)]
  0x00000261e2796800 JavaThread "C1 CompilerThread0" daemon [_thread_in_native, id=8148, stack(0x00000073cc200000,0x00000073cc300000)]
  0x00000261e27971f0 JavaThread "Sweeper thread" daemon [_thread_blocked, id=7024, stack(0x00000073cc300000,0x00000073cc400000)]
  0x00000261e34a6fd0 JavaThread "Common-Cleaner" daemon [_thread_blocked, id=14720, stack(0x00000073cc400000,0x00000073cc500000)]
  0x00000261e34c74b0 JavaThread "Notification Thread" daemon [_thread_blocked, id=13648, stack(0x00000073cc500000,0x00000073cc600000)]
  0x00000261e3caf140 JavaThread "Daemon health stats" [_thread_blocked, id=7112, stack(0x00000073ccd00000,0x00000073cce00000)]
  0x00000261e3cb2630 JavaThread "Incoming local TCP Connector on port 50853" [_thread_in_native, id=12008, stack(0x00000073cc700000,0x00000073cc800000)]
  0x00000261e3caf610 JavaThread "Daemon periodic checks" [_thread_blocked, id=5968, stack(0x00000073cc800000,0x00000073cc900000)]
  0x00000261e3cb0950 JavaThread "Daemon" [_thread_blocked, id=6980, stack(0x00000073ccf00000,0x00000073cd000000)]
  0x00000261e3cb0e20 JavaThread "Handler for socket connection from /127.0.0.1:50853 to /127.0.0.1:50854" [_thread_in_native, id=7340, stack(0x00000073cd000000,0x00000073cd100000)]
  0x00000261e3cb12f0 JavaThread "Cancel handler" [_thread_blocked, id=8708, stack(0x00000073cd100000,0x00000073cd200000)]
  0x00000261e3caffb0 JavaThread "Daemon worker" [_thread_in_vm, id=5392, stack(0x00000073cd200000,0x00000073cd300000)]
  0x00000261e3cb17c0 JavaThread "Asynchronous log dispatcher for DefaultDaemonConnection: socket connection from /127.0.0.1:50853 to /127.0.0.1:50854" [_thread_blocked, id=10376, stack(0x00000073cd300000,0x00000073cd400000)]
  0x00000261e3cb2b00 JavaThread "Stdin handler" [_thread_blocked, id=11472, stack(0x00000073cd400000,0x00000073cd500000)]
  0x00000261e3cafae0 JavaThread "Daemon client event forwarder" [_thread_blocked, id=13344, stack(0x00000073cd500000,0x00000073cd600000)]
  0x00000261e3cb0480 JavaThread "Cache worker for journal cache (C:\Users\the_developer\gradle-7.1.1\caches\journal-1)" [_thread_blocked, id=10252, stack(0x00000073cce00000,0x00000073ccf00000)]
  0x00000261e3cb1c90 JavaThread "File lock request listener" [_thread_in_native, id=11152, stack(0x00000073cd600000,0x00000073cd700000)]
  0x00000261e3cb2160 JavaThread "Cache worker for file hash cache (C:\Users\the_developer\gradle-7.1.1\caches\7.2\fileHashes)" [_thread_blocked, id=5088, stack(0x00000073cd700000,0x00000073cd800000)]
=>0x00000261e55d49c0 JavaThread "C2 CompilerThread1" daemon [_thread_in_native, id=1664, stack(0x00000073cd800000,0x00000073cd900000)]

Other Threads:
  0x00000261e27747c0 VMThread "VM Thread" [stack: 0x00000073cba00000,0x00000073cbb00000] [id=11596]
  0x00000261c270bd20 WatcherThread [stack: 0x00000073cc600000,0x00000073cc700000] [id=4220]
  0x00000261c26f15a0 GCTaskThread "GC Thread#0" [stack: 0x00000073cb500000,0x00000073cb600000] [id=9812]
  0x00000261e42bd320 GCTaskThread "GC Thread#1" [stack: 0x00000073cc900000,0x00000073cca00000] [id=7212]
  0x00000261e42b9f30 GCTaskThread "GC Thread#2" [stack: 0x00000073cca00000,0x00000073ccb00000] [id=6892]
  0x00000261e356acf0 GCTaskThread "GC Thread#3" [stack: 0x00000073ccb00000,0x00000073ccc00000] [id=5560]
  0x00000261e41a9790 GCTaskThread "GC Thread#4" [stack: 0x00000073ccc00000,0x00000073ccd00000] [id=1620]
  0x00000261c2703390 ConcurrentGCThread "G1 Main Marker" [stack: 0x00000073cb600000,0x00000073cb700000] [id=11148]
  0x00000261c2703c40 ConcurrentGCThread "G1 Conc#0" [stack: 0x00000073cb700000,0x00000073cb800000] [id=11860]
  0x00000261e2640090 ConcurrentGCThread "G1 Refine#0" [stack: 0x00000073cb800000,0x00000073cb900000] [id=6520]
  0x00000261e2640950 ConcurrentGCThread "G1 Service" [stack: 0x00000073cb900000,0x00000073cba00000] [id=10928]

Threads with active compile tasks:
C2 CompilerThread0     5092 2039   !   4       java.lang.ClassLoader::loadClass (121 bytes)
C1 CompilerThread0     5092 2143       3       java.util.HashMap::getNode (150 bytes)
C2 CompilerThread1     5092 2110   !   4       java.net.URLClassLoader::findClass (47 bytes)

VM state: not at safepoint (normal execution)

VM Mutex/Monitor currently owned by a thread: None

Heap address: 0x0000000080000000, size: 2048 MB, Compressed Oops mode: 32-bit

CDS archive(s) mapped at: [0x0000000800000000-0x0000000800bc0000-0x0000000800bc0000), size 12320768, SharedBaseAddress: 0x0000000800000000, ArchiveRelocationMode: 0.
Compressed class space mapped at: 0x0000000800c00000-0x0000000840c00000, reserved size: 1073741824
Narrow klass base: 0x0000000800000000, Narrow klass shift: 0, Narrow klass range: 0x100000000

GC Precious Log:
 CPUs: 8 total, 8 available
 Memory: 8043M
 Large Page Support: Disabled
 NUMA Support: Disabled
 Compressed Oops: Enabled (32-bit)
 Heap Region Size: 1M
 Heap Min Capacity: 8M
 Heap Initial Capacity: 126M
 Heap Max Capacity: 2G
 Pre-touch: Disabled
 Parallel Workers: 8
 Concurrent Workers: 2
 Concurrent Refinement Workers: 8
 Periodic GC: Disabled

Heap:
 garbage-first heap   total 129024K, used 76526K [0x0000000080000000, 0x0000000100000000)
  region size 1024K, 66 young (67584K), 2 survivors (2048K)
 Metaspace       used 15217K, committed 15424K, reserved 1064960K
  class space    used 2214K, committed 2304K, reserved 1048576K

Heap Regions: E=young(eden), S=young(survivor), O=old, HS=humongous(starts), HC=humongous(continues), CS=collection set, F=free, OA=open archive, CA=closed archive, TAMS=top-at-mark-start (previous, next)
|   0|0x0000000080000000, 0x0000000080100000, 0x0000000080100000|100%|HS|  |TAMS 0x0000000080000000, 0x0000000080000000| Complete 
|   1|0x0000000080100000, 0x0000000080200000, 0x0000000080200000|100%| O|  |TAMS 0x0000000080100000, 0x0000000080100000| Untracked 
|   2|0x0000000080200000, 0x0000000080300000, 0x0000000080300000|100%| O|  |TAMS 0x0000000080200000, 0x0000000080200000| Untracked 
|   3|0x0000000080300000, 0x0000000080400000, 0x0000000080400000|100%|HS|  |TAMS 0x0000000080300000, 0x0000000080300000| Complete 
|   4|0x0000000080400000, 0x0000000080500000, 0x0000000080500000|100%|HC|  |TAMS 0x0000000080400000, 0x0000000080400000| Complete 
|   5|0x0000000080500000, 0x0000000080600000, 0x0000000080600000|100%|HC|  |TAMS 0x0000000080500000, 0x0000000080500000| Complete 
|   6|0x0000000080600000, 0x0000000080700000, 0x0000000080700000|100%| O|  |TAMS 0x0000000080600000, 0x0000000080600000| Untracked 
|   7|0x0000000080700000, 0x0000000080800000, 0x0000000080800000|100%| O|  |TAMS 0x0000000080700000, 0x0000000080700000| Untracked 
|   8|0x0000000080800000, 0x0000000080900000, 0x0000000080900000|100%| O|  |TAMS 0x0000000080800000, 0x0000000080800000| Untracked 
|   9|0x0000000080900000, 0x0000000080a00000, 0x0000000080a00000|100%| O|  |TAMS 0x0000000080900000, 0x0000000080900000| Untracked 
|  10|0x0000000080a00000, 0x0000000080a63400, 0x0000000080b00000| 38%| O|  |TAMS 0x0000000080a00000, 0x0000000080a00000| Untracked 
|  11|0x0000000080b00000, 0x0000000080b00000, 0x0000000080c00000|  0%| F|  |TAMS 0x0000000080b00000, 0x0000000080b00000| Untracked 
|  12|0x0000000080c00000, 0x0000000080c00000, 0x0000000080d00000|  0%| F|  |TAMS 0x0000000080c00000, 0x0000000080c00000| Untracked 
|  13|0x0000000080d00000, 0x0000000080d00000, 0x0000000080e00000|  0%| F|  |TAMS 0x0000000080d00000, 0x0000000080d00000| Untracked 
|  14|0x0000000080e00000, 0x0000000080e00000, 0x0000000080f00000|  0%| F|  |TAMS 0x0000000080e00000, 0x0000000080e00000| Untracked 
|  15|0x0000000080f00000, 0x0000000080f00000, 0x0000000081000000|  0%| F|  |TAMS 0x0000000080f00000, 0x0000000080f00000| Untracked 
|  16|0x0000000081000000, 0x0000000081000000, 0x0000000081100000|  0%| F|  |TAMS 0x0000000081000000, 0x0000000081000000| Untracked 
|  17|0x0000000081100000, 0x0000000081100000, 0x0000000081200000|  0%| F|  |TAMS 0x0000000081100000, 0x0000000081100000| Untracked 
|  18|0x0000000081200000, 0x0000000081200000, 0x0000000081300000|  0%| F|  |TAMS 0x0000000081200000, 0x0000000081200000| Untracked 
|  19|0x0000000081300000, 0x0000000081300000, 0x0000000081400000|  0%| F|  |TAMS 0x0000000081300000, 0x0000000081300000| Untracked 
|  20|0x0000000081400000, 0x0000000081400000, 0x0000000081500000|  0%| F|  |TAMS 0x0000000081400000, 0x0000000081400000| Untracked 
|  21|0x0000000081500000, 0x0000000081500000, 0x0000000081600000|  0%| F|  |TAMS 0x0000000081500000, 0x0000000081500000| Untracked 
|  22|0x0000000081600000, 0x0000000081600000, 0x0000000081700000|  0%| F|  |TAMS 0x0000000081600000, 0x0000000081600000| Untracked 
|  23|0x0000000081700000, 0x0000000081700000, 0x0000000081800000|  0%| F|  |TAMS 0x0000000081700000, 0x0000000081700000| Untracked 
|  24|0x0000000081800000, 0x0000000081800000, 0x0000000081900000|  0%| F|  |TAMS 0x0000000081800000, 0x0000000081800000| Untracked 
|  25|0x0000000081900000, 0x0000000081900000, 0x0000000081a00000|  0%| F|  |TAMS 0x0000000081900000, 0x0000000081900000| Untracked 
|  26|0x0000000081a00000, 0x0000000081a00000, 0x0000000081b00000|  0%| F|  |TAMS 0x0000000081a00000, 0x0000000081a00000| Untracked 
|  27|0x0000000081b00000, 0x0000000081b00000, 0x0000000081c00000|  0%| F|  |TAMS 0x0000000081b00000, 0x0000000081b00000| Untracked 
|  28|0x0000000081c00000, 0x0000000081c00000, 0x0000000081d00000|  0%| F|  |TAMS 0x0000000081c00000, 0x0000000081c00000| Untracked 
|  29|0x0000000081d00000, 0x0000000081d00000, 0x0000000081e00000|  0%| F|  |TAMS 0x0000000081d00000, 0x0000000081d00000| Untracked 
|  30|0x0000000081e00000, 0x0000000081e00000, 0x0000000081f00000|  0%| F|  |TAMS 0x0000000081e00000, 0x0000000081e00000| Untracked 
|  31|0x0000000081f00000, 0x0000000081f00000, 0x0000000082000000|  0%| F|  |TAMS 0x0000000081f00000, 0x0000000081f00000| Untracked 
|  32|0x0000000082000000, 0x0000000082000000, 0x0000000082100000|  0%| F|  |TAMS 0x0000000082000000, 0x0000000082000000| Untracked 
|  33|0x0000000082100000, 0x0000000082100000, 0x0000000082200000|  0%| F|  |TAMS 0x0000000082100000, 0x0000000082100000| Untracked 
|  34|0x0000000082200000, 0x0000000082200000, 0x0000000082300000|  0%| F|  |TAMS 0x0000000082200000, 0x0000000082200000| Untracked 
|  35|0x0000000082300000, 0x0000000082300000, 0x0000000082400000|  0%| F|  |TAMS 0x0000000082300000, 0x0000000082300000| Untracked 
|  36|0x0000000082400000, 0x0000000082400000, 0x0000000082500000|  0%| F|  |TAMS 0x0000000082400000, 0x0000000082400000| Untracked 
|  37|0x0000000082500000, 0x0000000082500000, 0x0000000082600000|  0%| F|  |TAMS 0x0000000082500000, 0x0000000082500000| Untracked 
|  38|0x0000000082600000, 0x0000000082600000, 0x0000000082700000|  0%| F|  |TAMS 0x0000000082600000, 0x0000000082600000| Untracked 
|  39|0x0000000082700000, 0x0000000082700000, 0x0000000082800000|  0%| F|  |TAMS 0x0000000082700000, 0x0000000082700000| Untracked 
|  40|0x0000000082800000, 0x0000000082800000, 0x0000000082900000|  0%| F|  |TAMS 0x0000000082800000, 0x0000000082800000| Untracked 
|  41|0x0000000082900000, 0x0000000082900000, 0x0000000082a00000|  0%| F|  |TAMS 0x0000000082900000, 0x0000000082900000| Untracked 
|  42|0x0000000082a00000, 0x0000000082a00000, 0x0000000082b00000|  0%| F|  |TAMS 0x0000000082a00000, 0x0000000082a00000| Untracked 
|  43|0x0000000082b00000, 0x0000000082b00000, 0x0000000082c00000|  0%| F|  |TAMS 0x0000000082b00000, 0x0000000082b00000| Untracked 
|  44|0x0000000082c00000, 0x0000000082c00000, 0x0000000082d00000|  0%| F|  |TAMS 0x0000000082c00000, 0x0000000082c00000| Untracked 
|  45|0x0000000082d00000, 0x0000000082d00000, 0x0000000082e00000|  0%| F|  |TAMS 0x0000000082d00000, 0x0000000082d00000| Untracked 
|  46|0x0000000082e00000, 0x0000000082e00000, 0x0000000082f00000|  0%| F|  |TAMS 0x0000000082e00000, 0x0000000082e00000| Untracked 
|  47|0x0000000082f00000, 0x0000000082f00000, 0x0000000083000000|  0%| F|  |TAMS 0x0000000082f00000, 0x0000000082f00000| Untracked 
|  48|0x0000000083000000, 0x0000000083000000, 0x0000000083100000|  0%| F|  |TAMS 0x0000000083000000, 0x0000000083000000| Untracked 
|  49|0x0000000083100000, 0x0000000083100000, 0x0000000083200000|  0%| F|  |TAMS 0x0000000083100000, 0x0000000083100000| Untracked 
|  50|0x0000000083200000, 0x0000000083200000, 0x0000000083300000|  0%| F|  |TAMS 0x0000000083200000, 0x0000000083200000| Untracked 
|  51|0x0000000083300000, 0x0000000083300000, 0x0000000083400000|  0%| F|  |TAMS 0x0000000083300000, 0x0000000083300000| Untracked 
|  52|0x0000000083400000, 0x0000000083400000, 0x0000000083500000|  0%| F|  |TAMS 0x0000000083400000, 0x0000000083400000| Untracked 
|  53|0x0000000083500000, 0x0000000083500000, 0x0000000083600000|  0%| F|  |TAMS 0x0000000083500000, 0x0000000083500000| Untracked 
|  54|0x0000000083600000, 0x0000000083600000, 0x0000000083700000|  0%| F|  |TAMS 0x0000000083600000, 0x0000000083600000| Untracked 
|  55|0x0000000083700000, 0x0000000083700000, 0x0000000083800000|  0%| F|  |TAMS 0x0000000083700000, 0x0000000083700000| Untracked 
|  56|0x0000000083800000, 0x0000000083800000, 0x0000000083900000|  0%| F|  |TAMS 0x0000000083800000, 0x0000000083800000| Untracked 
|  57|0x0000000083900000, 0x0000000083900000, 0x0000000083a00000|  0%| F|  |TAMS 0x0000000083900000, 0x0000000083900000| Untracked 
|  58|0x0000000083a00000, 0x0000000083a00000, 0x0000000083b00000|  0%| F|  |TAMS 0x0000000083a00000, 0x0000000083a00000| Untracked 
|  59|0x0000000083b00000, 0x0000000083b00000, 0x0000000083c00000|  0%| F|  |TAMS 0x0000000083b00000, 0x0000000083b00000| Untracked 
|  60|0x0000000083c00000, 0x0000000083c80800, 0x0000000083d00000| 50%| E|  |TAMS 0x0000000083c00000, 0x0000000083c00000| Complete 
|  61|0x0000000083d00000, 0x0000000083e00000, 0x0000000083e00000|100%| E|CS|TAMS 0x0000000083d00000, 0x0000000083d00000| Complete 
|  62|0x0000000083e00000, 0x0000000083f00000, 0x0000000083f00000|100%| E|CS|TAMS 0x0000000083e00000, 0x0000000083e00000| Complete 
|  63|0x0000000083f00000, 0x0000000084000000, 0x0000000084000000|100%| E|CS|TAMS 0x0000000083f00000, 0x0000000083f00000| Complete 
|  64|0x0000000084000000, 0x0000000084100000, 0x0000000084100000|100%| E|CS|TAMS 0x0000000084000000, 0x0000000084000000| Complete 
|  65|0x0000000084100000, 0x0000000084200000, 0x0000000084200000|100%| E|CS|TAMS 0x0000000084100000, 0x0000000084100000| Complete 
|  66|0x0000000084200000, 0x0000000084300000, 0x0000000084300000|100%| E|CS|TAMS 0x0000000084200000, 0x0000000084200000| Complete 
|  67|0x0000000084300000, 0x0000000084400000, 0x0000000084400000|100%| E|CS|TAMS 0x0000000084300000, 0x0000000084300000| Complete 
|  68|0x0000000084400000, 0x0000000084500000, 0x0000000084500000|100%| E|CS|TAMS 0x0000000084400000, 0x0000000084400000| Complete 
|  69|0x0000000084500000, 0x0000000084600000, 0x0000000084600000|100%| E|CS|TAMS 0x0000000084500000, 0x0000000084500000| Complete 
|  70|0x0000000084600000, 0x0000000084700000, 0x0000000084700000|100%| E|CS|TAMS 0x0000000084600000, 0x0000000084600000| Complete 
|  71|0x0000000084700000, 0x0000000084800000, 0x0000000084800000|100%| E|CS|TAMS 0x0000000084700000, 0x0000000084700000| Complete 
|  72|0x0000000084800000, 0x0000000084900000, 0x0000000084900000|100%| E|CS|TAMS 0x0000000084800000, 0x0000000084800000| Complete 
|  73|0x0000000084900000, 0x0000000084a00000, 0x0000000084a00000|100%| E|CS|TAMS 0x0000000084900000, 0x0000000084900000| Complete 
|  74|0x0000000084a00000, 0x0000000084b00000, 0x0000000084b00000|100%| E|CS|TAMS 0x0000000084a00000, 0x0000000084a00000| Complete 
|  75|0x0000000084b00000, 0x0000000084c00000, 0x0000000084c00000|100%| E|CS|TAMS 0x0000000084b00000, 0x0000000084b00000| Complete 
|  76|0x0000000084c00000, 0x0000000084d00000, 0x0000000084d00000|100%| E|CS|TAMS 0x0000000084c00000, 0x0000000084c00000| Complete 
|  77|0x0000000084d00000, 0x0000000084e00000, 0x0000000084e00000|100%| E|CS|TAMS 0x0000000084d00000, 0x0000000084d00000| Complete 
|  78|0x0000000084e00000, 0x0000000084f00000, 0x0000000084f00000|100%| E|CS|TAMS 0x0000000084e00000, 0x0000000084e00000| Complete 
|  79|0x0000000084f00000, 0x0000000085000000, 0x0000000085000000|100%| E|CS|TAMS 0x0000000084f00000, 0x0000000084f00000| Complete 
|  80|0x0000000085000000, 0x0000000085100000, 0x0000000085100000|100%| E|CS|TAMS 0x0000000085000000, 0x0000000085000000| Complete 
|  81|0x0000000085100000, 0x0000000085200000, 0x0000000085200000|100%| E|CS|TAMS 0x0000000085100000, 0x0000000085100000| Complete 
|  82|0x0000000085200000, 0x0000000085300000, 0x0000000085300000|100%| E|CS|TAMS 0x0000000085200000, 0x0000000085200000| Complete 
|  83|0x0000000085300000, 0x0000000085400000, 0x0000000085400000|100%| E|CS|TAMS 0x0000000085300000, 0x0000000085300000| Complete 
|  84|0x0000000085400000, 0x0000000085500000, 0x0000000085500000|100%| E|CS|TAMS 0x0000000085400000, 0x0000000085400000| Complete 
|  85|0x0000000085500000, 0x0000000085600000, 0x0000000085600000|100%| E|CS|TAMS 0x0000000085500000, 0x0000000085500000| Complete 
|  86|0x0000000085600000, 0x0000000085700000, 0x0000000085700000|100%| E|CS|TAMS 0x0000000085600000, 0x0000000085600000| Complete 
|  87|0x0000000085700000, 0x0000000085800000, 0x0000000085800000|100%| E|CS|TAMS 0x0000000085700000, 0x0000000085700000| Complete 
|  88|0x0000000085800000, 0x0000000085900000, 0x0000000085900000|100%| E|CS|TAMS 0x0000000085800000, 0x0000000085800000| Complete 
|  89|0x0000000085900000, 0x0000000085a00000, 0x0000000085a00000|100%| E|CS|TAMS 0x0000000085900000, 0x0000000085900000| Complete 
|  90|0x0000000085a00000, 0x0000000085b00000, 0x0000000085b00000|100%| E|CS|TAMS 0x0000000085a00000, 0x0000000085a00000| Complete 
|  91|0x0000000085b00000, 0x0000000085c00000, 0x0000000085c00000|100%| E|CS|TAMS 0x0000000085b00000, 0x0000000085b00000| Complete 
|  92|0x0000000085c00000, 0x0000000085d00000, 0x0000000085d00000|100%| E|CS|TAMS 0x0000000085c00000, 0x0000000085c00000| Complete 
|  93|0x0000000085d00000, 0x0000000085d58460, 0x0000000085e00000| 34%| S|CS|TAMS 0x0000000085d00000, 0x0000000085d00000| Complete 
|  94|0x0000000085e00000, 0x0000000085f00000, 0x0000000085f00000|100%| S|CS|TAMS 0x0000000085e00000, 0x0000000085e00000| Complete 
|  95|0x0000000085f00000, 0x0000000086000000, 0x0000000086000000|100%| E|CS|TAMS 0x0000000085f00000, 0x0000000085f00000| Complete 
|  96|0x0000000086000000, 0x0000000086100000, 0x0000000086100000|100%| E|CS|TAMS 0x0000000086000000, 0x0000000086000000| Complete 
|  97|0x0000000086100000, 0x0000000086200000, 0x0000000086200000|100%| E|CS|TAMS 0x0000000086100000, 0x0000000086100000| Complete 
|  98|0x0000000086200000, 0x0000000086300000, 0x0000000086300000|100%| E|CS|TAMS 0x0000000086200000, 0x0000000086200000| Complete 
|  99|0x0000000086300000, 0x0000000086400000, 0x0000000086400000|100%| E|CS|TAMS 0x0000000086300000, 0x0000000086300000| Complete 
| 100|0x0000000086400000, 0x0000000086500000, 0x0000000086500000|100%| E|CS|TAMS 0x0000000086400000, 0x0000000086400000| Complete 
| 101|0x0000000086500000, 0x0000000086600000, 0x0000000086600000|100%| E|CS|TAMS 0x0000000086500000, 0x0000000086500000| Complete 
| 102|0x0000000086600000, 0x0000000086700000, 0x0000000086700000|100%| E|CS|TAMS 0x0000000086600000, 0x0000000086600000| Complete 
| 103|0x0000000086700000, 0x0000000086800000, 0x0000000086800000|100%| E|CS|TAMS 0x0000000086700000, 0x0000000086700000| Complete 
| 104|0x0000000086800000, 0x0000000086900000, 0x0000000086900000|100%| E|CS|TAMS 0x0000000086800000, 0x0000000086800000| Complete 
| 105|0x0000000086900000, 0x0000000086a00000, 0x0000000086a00000|100%| E|CS|TAMS 0x0000000086900000, 0x0000000086900000| Complete 
| 106|0x0000000086a00000, 0x0000000086b00000, 0x0000000086b00000|100%| E|CS|TAMS 0x0000000086a00000, 0x0000000086a00000| Complete 
| 107|0x0000000086b00000, 0x0000000086c00000, 0x0000000086c00000|100%| E|CS|TAMS 0x0000000086b00000, 0x0000000086b00000| Complete 
| 108|0x0000000086c00000, 0x0000000086d00000, 0x0000000086d00000|100%| E|CS|TAMS 0x0000000086c00000, 0x0000000086c00000| Complete 
| 109|0x0000000086d00000, 0x0000000086e00000, 0x0000000086e00000|100%| E|CS|TAMS 0x0000000086d00000, 0x0000000086d00000| Complete 
| 110|0x0000000086e00000, 0x0000000086f00000, 0x0000000086f00000|100%| E|CS|TAMS 0x0000000086e00000, 0x0000000086e00000| Complete 
| 111|0x0000000086f00000, 0x0000000087000000, 0x0000000087000000|100%| E|CS|TAMS 0x0000000086f00000, 0x0000000086f00000| Complete 
| 112|0x0000000087000000, 0x0000000087100000, 0x0000000087100000|100%| E|CS|TAMS 0x0000000087000000, 0x0000000087000000| Complete 
| 113|0x0000000087100000, 0x0000000087200000, 0x0000000087200000|100%| E|CS|TAMS 0x0000000087100000, 0x0000000087100000| Complete 
| 114|0x0000000087200000, 0x0000000087300000, 0x0000000087300000|100%| E|CS|TAMS 0x0000000087200000, 0x0000000087200000| Complete 
| 115|0x0000000087300000, 0x0000000087400000, 0x0000000087400000|100%| E|CS|TAMS 0x0000000087300000, 0x0000000087300000| Complete 
| 116|0x0000000087400000, 0x0000000087500000, 0x0000000087500000|100%| E|CS|TAMS 0x0000000087400000, 0x0000000087400000| Complete 
| 117|0x0000000087500000, 0x0000000087600000, 0x0000000087600000|100%| E|CS|TAMS 0x0000000087500000, 0x0000000087500000| Complete 
| 118|0x0000000087600000, 0x0000000087700000, 0x0000000087700000|100%| E|CS|TAMS 0x0000000087600000, 0x0000000087600000| Complete 
| 119|0x0000000087700000, 0x0000000087800000, 0x0000000087800000|100%| E|CS|TAMS 0x0000000087700000, 0x0000000087700000| Complete 
| 120|0x0000000087800000, 0x0000000087900000, 0x0000000087900000|100%| E|CS|TAMS 0x0000000087800000, 0x0000000087800000| Complete 
| 121|0x0000000087900000, 0x0000000087a00000, 0x0000000087a00000|100%| E|CS|TAMS 0x0000000087900000, 0x0000000087900000| Complete 
| 122|0x0000000087a00000, 0x0000000087b00000, 0x0000000087b00000|100%| E|CS|TAMS 0x0000000087a00000, 0x0000000087a00000| Complete 
| 123|0x0000000087b00000, 0x0000000087c00000, 0x0000000087c00000|100%| E|CS|TAMS 0x0000000087b00000, 0x0000000087b00000| Complete 
| 124|0x0000000087c00000, 0x0000000087d00000, 0x0000000087d00000|100%| E|CS|TAMS 0x0000000087c00000, 0x0000000087c00000| Complete 
| 125|0x0000000087d00000, 0x0000000087e00000, 0x0000000087e00000|100%| E|CS|TAMS 0x0000000087d00000, 0x0000000087d00000| Complete 

Card table byte_map: [0x00000261db520000,0x00000261db920000] _byte_map_base: 0x00000261db120000

Marking Bits (Prev, Next): (CMBitMap*) 0x00000261c26f2a60, (CMBitMap*) 0x00000261c26f2aa0
 Prev Bits: [0x00000261dbd20000, 0x00000261ddd20000)
 Next Bits: [0x00000261ddd20000, 0x00000261dfd20000)

Polling page: 0x00000261c2790000

Metaspace:

Usage:
  Non-class:     12.70 MB used.
      Class:      2.16 MB used.
       Both:     14.86 MB used.

Virtual space:
  Non-class space:       16.00 MB reserved,      12.81 MB ( 80%) committed,  2 nodes.
      Class space:        1.00 GB reserved,       2.25 MB ( <1%) committed,  1 nodes.
             Both:        1.02 GB reserved,      15.06 MB (  1%) committed. 

Chunk freelists:
   Non-Class:  2.27 MB
       Class:  1.69 MB
        Both:  3.95 MB

MaxMetaspaceSize: unlimited
CompressedClassSpaceSize: 1.00 GB
Initial GC threshold: 21.00 MB
Current GC threshold: 21.00 MB
CDS: on
MetaspaceReclaimPolicy: balanced
 - commit_granule_bytes: 65536.
 - commit_granule_words: 8192.
 - virtual_space_node_default_size: 1048576.
 - enlarge_chunks_in_place: 1.
 - new_chunks_are_fully_committed: 0.
 - uncommit_free_chunks: 1.
 - use_allocation_guard: 0.
 - handle_deallocations: 1.


Internal statistics:

num_allocs_failed_limit: 0.
num_arena_births: 198.
num_arena_deaths: 0.
num_vsnodes_births: 3.
num_vsnodes_deaths: 0.
num_space_committed: 241.
num_space_uncommitted: 0.
num_chunks_returned_to_freelist: 0.
num_chunks_taken_from_freelist: 689.
num_chunk_merges: 0.
num_chunk_splits: 458.
num_chunks_enlarged: 329.
num_purges: 0.
num_inconsistent_stats: 0.

CodeHeap 'non-profiled nmethods': size=120000Kb used=1091Kb max_used=1091Kb free=118908Kb
 bounds [0x00000261d3190000, 0x00000261d3400000, 0x00000261da6c0000]
CodeHeap 'profiled nmethods': size=120000Kb used=4251Kb max_used=4251Kb free=115748Kb
 bounds [0x00000261cbc60000, 0x00000261cc090000, 0x00000261d3190000]
CodeHeap 'non-nmethods': size=5760Kb used=1213Kb max_used=1240Kb free=4546Kb
 bounds [0x00000261cb6c0000, 0x00000261cb930000, 0x00000261cbc60000]
 total_blobs=2651 nmethods=2136 adapters=427
 compilation: enabled
              stopped_count=0, restarted_count=0
 full_count=0

Compilation events (20 events):
Event: 5.000 Thread 0x00000261e2796800 2125       3       jdk.internal.org.objectweb.asm.FieldWriter::<init> (69 bytes)
Event: 5.000 Thread 0x00000261e2796800 nmethod 2125 0x00000261cc07b010 code [0x00000261cc07b200, 0x00000261cc07b5c8]
Event: 5.001 Thread 0x00000261e2796800 2127       3       sun.reflect.annotation.AnnotationParser::parseSig (62 bytes)
Event: 5.002 Thread 0x00000261e2796800 nmethod 2127 0x00000261cc07b810 code [0x00000261cc07bb00, 0x00000261cc07ccd8]
Event: 5.002 Thread 0x00000261e2796800 2128       3       sun.reflect.generics.parser.SignatureParser::parseTypeSig (10 bytes)
Event: 5.002 Thread 0x00000261e2796800 nmethod 2128 0x00000261cc07d290 code [0x00000261cc07d440, 0x00000261cc07d648]
Event: 5.002 Thread 0x00000261e2796800 2129       3       sun.reflect.annotation.AnnotationParser::toClass (32 bytes)
Event: 5.003 Thread 0x00000261e2796800 nmethod 2129 0x00000261cc07d710 code [0x00000261cc07d960, 0x00000261cc07e4c8]
Event: 5.003 Thread 0x00000261e2796800 2131   !   3       sun.reflect.generics.factory.CoreReflectionFactory::makeNamedType (21 bytes)
Event: 5.003 Thread 0x00000261e2796800 nmethod 2131 0x00000261cc07e710 code [0x00000261cc07e8c0, 0x00000261cc07eb08]
Event: 5.003 Thread 0x00000261e2796800 2132       3       sun.reflect.generics.factory.CoreReflectionFactory::getDeclsLoader (85 bytes)
Event: 5.006 Thread 0x00000261e2796800 nmethod 2132 0x00000261cc07ec90 code [0x00000261cc07f060, 0x00000261cc0811f8]
Event: 5.006 Thread 0x00000261e2796800 2136       3       sun.reflect.generics.parser.SignatureParser::parseTypeSignature (130 bytes)
Event: 5.007 Thread 0x00000261e2796800 nmethod 2136 0x00000261cc081a10 code [0x00000261cc081be0, 0x00000261cc082088]
Event: 5.007 Thread 0x00000261e2796800 2133       3       sun.reflect.generics.visitor.Reifier::visitClassTypeSignature (381 bytes)
Event: 5.011 Thread 0x00000261e2796800 nmethod 2133 0x00000261cc082190 code [0x00000261cc0825a0, 0x00000261cc084188]
Event: 5.011 Thread 0x00000261e2796800 2130       3       java.lang.reflect.Constructor::newInstanceWithCaller (75 bytes)
Event: 5.012 Thread 0x00000261e2796800 nmethod 2130 0x00000261cc084b10 code [0x00000261cc084d00, 0x00000261cc085118]
Event: 5.012 Thread 0x00000261e2796800 2135       1       jdk.internal.reflect.ClassFileAssembler::getStack (5 bytes)
Event: 5.012 Thread 0x00000261e2796800 nmethod 2135 0x00000261d32a0b90 code [0x00000261d32a0d20, 0x00000261d32a0df8]

GC Heap History (4 events):
Event: 1.328 GC heap before
{Heap before GC invocations=0 (full 0):
 garbage-first heap   total 129024K, used 28672K [0x0000000080000000, 0x0000000100000000)
  region size 1024K, 23 young (23552K), 0 survivors (0K)
 Metaspace       used 2956K, committed 3136K, reserved 1056768K
  class space    used 380K, committed 448K, reserved 1048576K
}
Event: 1.338 GC heap after
{Heap after GC invocations=1 (full 0):
 garbage-first heap   total 129024K, used 9458K [0x0000000080000000, 0x0000000100000000)
  region size 1024K, 3 young (3072K), 3 survivors (3072K)
 Metaspace       used 2956K, committed 3136K, reserved 1056768K
  class space    used 380K, committed 448K, reserved 1048576K
}
Event: 2.092 GC heap before
{Heap before GC invocations=1 (full 0):
 garbage-first heap   total 129024K, used 38130K [0x0000000080000000, 0x0000000100000000)
  region size 1024K, 31 young (31744K), 3 survivors (3072K)
 Metaspace       used 3848K, committed 4032K, reserved 1056768K
  class space    used 475K, committed 576K, reserved 1048576K
}
Event: 2.099 GC heap after
{Heap after GC invocations=2 (full 0):
 garbage-first heap   total 129024K, used 12014K [0x0000000080000000, 0x0000000100000000)
  region size 1024K, 2 young (2048K), 2 survivors (2048K)
 Metaspace       used 3848K, committed 4032K, reserved 1056768K
  class space    used 475K, committed 576K, reserved 1048576K
}

Deoptimization events (20 events):
Event: 4.424 Thread 0x00000261e3caffb0 Uncommon trap: trap_request=0xffffff45 fr.pc=0x00000261d31a7210 relative=0x00000000000001f0
Event: 4.424 Thread 0x00000261e3caffb0 Uncommon trap: reason=unstable_if action=reinterpret pc=0x00000261d31a7210 method=java.util.regex.Matcher.reset()Ljava/util/regex/Matcher; @ 47 c2
Event: 4.424 Thread 0x00000261e3caffb0 DEOPT PACKING pc=0x00000261d31a7210 sp=0x00000073cd2f8500
Event: 4.424 Thread 0x00000261e3caffb0 DEOPT UNPACKING pc=0x00000261cb7123a3 sp=0x00000073cd2f8488 mode 2
Event: 4.424 Thread 0x00000261e3caffb0 Uncommon trap: trap_request=0xffffff45 fr.pc=0x00000261d31a834c relative=0x000000000000046c
Event: 4.424 Thread 0x00000261e3caffb0 Uncommon trap: reason=unstable_if action=reinterpret pc=0x00000261d31a834c method=java.util.regex.Matcher.match(II)Z @ 76 c2
Event: 4.424 Thread 0x00000261e3caffb0 DEOPT PACKING pc=0x00000261d31a834c sp=0x00000073cd2f8560
Event: 4.424 Thread 0x00000261e3caffb0 DEOPT UNPACKING pc=0x00000261cb7123a3 sp=0x00000073cd2f8518 mode 2
Event: 4.542 Thread 0x00000261e3caffb0 Uncommon trap: trap_request=0xffffff45 fr.pc=0x00000261d31ac484 relative=0x0000000000000b04
Event: 4.542 Thread 0x00000261e3caffb0 Uncommon trap: reason=unstable_if action=reinterpret pc=0x00000261d31ac484 method=java.io.WinNTFileSystem.resolve(Ljava/lang/String;Ljava/lang/String;)Ljava/lang/String; @ 19 c2
Event: 4.542 Thread 0x00000261e3caffb0 DEOPT PACKING pc=0x00000261d31ac484 sp=0x00000073cd2faf40
Event: 4.542 Thread 0x00000261e3caffb0 DEOPT UNPACKING pc=0x00000261cb7123a3 sp=0x00000073cd2faee8 mode 2
Event: 4.545 Thread 0x00000261e3caffb0 Uncommon trap: trap_request=0xffffff45 fr.pc=0x00000261d3205b68 relative=0x0000000000000648
Event: 4.545 Thread 0x00000261e3caffb0 Uncommon trap: reason=unstable_if action=reinterpret pc=0x00000261d3205b68 method=java.io.File.getName()Ljava/lang/String; @ 16 c2
Event: 4.545 Thread 0x00000261e3caffb0 DEOPT PACKING pc=0x00000261d3205b68 sp=0x00000073cd2faee0
Event: 4.545 Thread 0x00000261e3caffb0 DEOPT UNPACKING pc=0x00000261cb7123a3 sp=0x00000073cd2faeb0 mode 2
Event: 4.588 Thread 0x00000261e3caffb0 Uncommon trap: trap_request=0xffffff45 fr.pc=0x00000261d32640a4 relative=0x0000000000000184
Event: 4.588 Thread 0x00000261e3caffb0 Uncommon trap: reason=unstable_if action=reinterpret pc=0x00000261d32640a4 method=java.util.WeakHashMap.expungeStaleEntries()V @ 9 c2
Event: 4.588 Thread 0x00000261e3caffb0 DEOPT PACKING pc=0x00000261d32640a4 sp=0x00000073cd2f9e30
Event: 4.588 Thread 0x00000261e3caffb0 DEOPT UNPACKING pc=0x00000261cb7123a3 sp=0x00000073cd2f9dc8 mode 2

Classes unloaded (0 events):
No events

Classes redefined (0 events):
No events

Internal exceptions (20 events):
Event: 3.902 Thread 0x00000261e3caffb0 Exception <a 'java/lang/NoSuchMethodError'{0x00000000860c5a58}: 'void java.lang.invoke.DirectMethodHandle$Holder.invokeVirtual(java.lang.Object, java.lang.Object, java.lang.Object, java.lang.Object)'> (0x00000000860c5a58) 
thrown [t:\workspace\open\src\hotspot\share\interpreter\linkResolver.cpp, line 766]
Event: 3.905 Thread 0x00000261e3caffb0 Exception <a 'java/lang/NoSuchMethodError'{0x00000000860d2680}: 'void java.lang.invoke.DirectMethodHandle$Holder.invokeSpecial(java.lang.Object, java.lang.Object, java.lang.Object, java.lang.Object, java.lang.Object)'> (0x00000000860d2680) 
thrown [t:\workspace\open\src\hotspot\share\interpreter\linkResolver.cpp, line 766]
Event: 3.906 Thread 0x00000261e3caffb0 Exception <a 'java/lang/NoSuchMethodError'{0x00000000860d9d38}: 'java.lang.Object java.lang.invoke.Invokers$Holder.invoker(java.lang.Object, java.lang.Object, java.lang.Object, java.lang.Object)'> (0x00000000860d9d38) 
thrown [t:\workspace\open\src\hotspot\share\interpreter\linkResolver.cpp, line 766]
Event: 3.915 Thread 0x00000261e3caffb0 Exception <a 'java/lang/NoSuchMethodError'{0x0000000085f09468}: 'long java.lang.invoke.DirectMethodHandle$Holder.invokeInterface(java.lang.Object, java.lang.Object)'> (0x0000000085f09468) 
thrown [t:\workspace\open\src\hotspot\share\interpreter\linkResolver.cpp, line 766]
Event: 3.921 Thread 0x00000261e3caffb0 Exception <a 'java/lang/NoSuchMethodError'{0x0000000085f27290}: 'void java.lang.invoke.DelegatingMethodHandle$Holder.reinvoke_L(java.lang.Object, java.lang.Object, java.lang.Object, java.lang.Object, java.lang.Object, java.lang.Object, java.lang.Object)'> (0x0000000085f27290) 
thrown [t:\workspace\open\src\hotspot\share\interpreter\linkResolver.cpp, line 766]
Event: 4.406 Thread 0x00000261e3caffb0 Exception <a 'java/lang/NoSuchMethodError'{0x00000000850d8068}: 'void java.lang.invoke.DirectMethodHandle$Holder.invokeStaticInit(java.lang.Object)'> (0x00000000850d8068) 
thrown [t:\workspace\open\src\hotspot\share\interpreter\linkResolver.cpp, line 766]
Event: 4.410 Thread 0x00000261e3caffb0 Exception <a 'java/lang/NoSuchMethodError'{0x00000000850eed60}: 'void java.lang.invoke.DirectMethodHandle$Holder.invokeSpecial(java.lang.Object, java.lang.Object, java.lang.Object)'> (0x00000000850eed60) 
thrown [t:\workspace\open\src\hotspot\share\interpreter\linkResolver.cpp, line 766]
Event: 4.475 Thread 0x00000261e3caffb0 Exception <a 'java/lang/NoSuchMethodError'{0x0000000084ea0db8}: 'java.lang.Object java.lang.invoke.DirectMethodHandle$Holder.newInvokeSpecial(java.lang.Object, java.lang.Object, java.lang.Object, int)'> (0x0000000084ea0db8) 
thrown [t:\workspace\open\src\hotspot\share\interpreter\linkResolver.cpp, line 766]
Event: 4.476 Thread 0x00000261e3caffb0 Exception <a 'java/lang/NoSuchMethodError'{0x0000000084ea5990}: 'java.lang.Object java.lang.invoke.DirectMethodHandle$Holder.invokeSpecial(java.lang.Object, java.lang.Object, java.lang.Object, java.lang.Object, int)'> (0x0000000084ea5990) 
thrown [t:\workspace\open\src\hotspot\share\interpreter\linkResolver.cpp, line 766]
Event: 4.477 Thread 0x00000261e3caffb0 Exception <a 'java/lang/NoSuchMethodError'{0x0000000084ea9d50}: 'java.lang.Object java.lang.invoke.Invokers$Holder.linkToTargetMethod(java.lang.Object, java.lang.Object, int, java.lang.Object)'> (0x0000000084ea9d50) 
thrown [t:\workspace\open\src\hotspot\share\interpreter\linkResolver.cpp, line 766]
Event: 4.579 Thread 0x00000261e3caffb0 Exception <a 'java/lang/NoSuchMethodError'{0x0000000084beec80}: 'java.lang.Object java.lang.invoke.DirectMethodHandle$Holder.newInvokeSpecial(java.lang.Object, java.lang.Object, java.lang.Object, java.lang.Object, java.lang.Object)'> (0x0000000084beec80) 
thrown [t:\workspace\open\src\hotspot\share\interpreter\linkResolver.cpp, line 766]
Event: 4.623 Thread 0x00000261e3caffb0 Exception <a 'java/lang/NoSuchMethodError'{0x000000008495f6e8}: 'int java.lang.invoke.DirectMethodHandle$Holder.invokeSpecialIFC(java.lang.Object, java.lang.Object, java.lang.Object, java.lang.Object)'> (0x000000008495f6e8) 
thrown [t:\workspace\open\src\hotspot\share\interpreter\linkResolver.cpp, line 766]
Event: 4.627 Thread 0x00000261e3caffb0 Exception <a 'java/lang/NoSuchMethodError'{0x0000000084972488}: 'java.lang.Object java.lang.invoke.DirectMethodHandle$Holder.invokeInterface(java.lang.Object, java.lang.Object, java.lang.Object)'> (0x0000000084972488) 
thrown [t:\workspace\open\src\hotspot\share\interpreter\linkResolver.cpp, line 766]
Event: 4.628 Thread 0x00000261e3caffb0 Exception <a 'java/lang/IncompatibleClassChangeError'{0x0000000084976360}: Found class java.lang.Object, but interface was expected> (0x0000000084976360) 
thrown [t:\workspace\open\src\hotspot\share\interpreter\linkResolver.cpp, line 833]
Event: 4.728 Thread 0x00000261e3caffb0 Exception <a 'java/lang/NoSuchMethodError'{0x000000008464ca78}: 'int java.lang.invoke.DirectMethodHandle$Holder.invokeStatic(java.lang.Object, java.lang.Object, java.lang.Object, java.lang.Object)'> (0x000000008464ca78) 
thrown [t:\workspace\open\src\hotspot\share\interpreter\linkResolver.cpp, line 766]
Event: 4.728 Thread 0x00000261e3caffb0 Exception <a 'java/lang/NoSuchMethodError'{0x0000000084650948}: 'java.lang.Object java.lang.invoke.Invokers$Holder.invokeExact_MT(java.lang.Object, java.lang.Object, java.lang.Object, java.lang.Object, java.lang.Object, java.lang.Object)'> (0x0000000084650948) 
thrown [t:\workspace\open\src\hotspot\share\interpreter\linkResolver.cpp, line 766]
Event: 4.763 Thread 0x00000261e3caffb0 Exception <a 'java/lang/NoSuchMethodError'{0x0000000084532820}: 'java.lang.Object java.lang.invoke.DirectMethodHandle$Holder.invokeInterface(java.lang.Object, java.lang.Object)'> (0x0000000084532820) 
thrown [t:\workspace\open\src\hotspot\share\interpreter\linkResolver.cpp, line 766]
Event: 4.827 Thread 0x00000261e3caffb0 Exception <a 'java/lang/NoSuchMethodError'{0x0000000084361310}: 'java.lang.Object java.lang.invoke.DirectMethodHandle$Holder.invokeSpecial(java.lang.Object, java.lang.Object, java.lang.Object, java.lang.Object, java.lang.Object, java.lang.Object, java.lang.Object, java.lang.Object, java.lang.Object)'> (0x0000000084361310) 
thrown [t:\workspace\open\src\hotspot\share\interpreter\linkResolver.cpp, line 766]
Event: 4.963 Thread 0x00000261e3caffb0 Exception <a 'java/lang/NoSuchMethodError'{0x0000000083f8b080}: 'void java.lang.invoke.DirectMethodHandle$Holder.invokeStatic(java.lang.Object, java.lang.Object)'> (0x0000000083f8b080) 
thrown [t:\workspace\open\src\hotspot\share\interpreter\linkResolver.cpp, line 766]
Event: 4.972 Thread 0x00000261e3caffb0 Exception <a 'java/lang/NoSuchMethodError'{0x0000000083fcb658}: 'java.lang.Object java.lang.invoke.DirectMethodHandle$Holder.invokeVirtual(java.lang.Object, java.lang.Object, java.lang.Object, java.lang.Object)'> (0x0000000083fcb658) 
thrown [t:\workspace\open\src\hotspot\share\interpreter\linkResolver.cpp, line 766]

VM Operations (20 events):
Event: 2.660 Executing VM operation: HandshakeAllThreads
Event: 2.660 Executing VM operation: HandshakeAllThreads done
Event: 2.918 Executing VM operation: HandshakeAllThreads
Event: 2.918 Executing VM operation: HandshakeAllThreads done
Event: 2.990 Executing VM operation: HandshakeAllThreads
Event: 2.990 Executing VM operation: HandshakeAllThreads done
Event: 3.119 Executing VM operation: HandshakeAllThreads
Event: 3.119 Executing VM operation: HandshakeAllThreads done
Event: 3.119 Executing VM operation: Cleanup
Event: 3.119 Executing VM operation: Cleanup done
Event: 3.536 Executing VM operation: HandshakeAllThreads
Event: 3.536 Executing VM operation: HandshakeAllThreads done
Event: 3.646 Executing VM operation: HandshakeAllThreads
Event: 3.646 Executing VM operation: HandshakeAllThreads done
Event: 4.207 Executing VM operation: HandshakeAllThreads
Event: 4.207 Executing VM operation: HandshakeAllThreads done
Event: 4.207 Executing VM operation: Cleanup
Event: 4.207 Executing VM operation: Cleanup done
Event: 4.207 Executing VM operation: HandshakeAllThreads
Event: 4.207 Executing VM operation: HandshakeAllThreads done

Events (20 events):
Event: 4.619 loading class java/nio/file/FileVisitor done
Event: 4.619 loading class java/nio/file/FileVisitOption
Event: 4.620 loading class java/nio/file/FileVisitOption done
Event: 4.625 loading class java/lang/invoke/MethodHandle$1
Event: 4.625 loading class java/lang/invoke/MethodHandle$1 done
Event: 4.629 loading class java/util/stream/ReduceOps$1
Event: 4.629 loading class java/util/stream/ReduceOps$1 done
Event: 4.629 loading class java/util/stream/ReduceOps$1ReducingSink
Event: 4.629 loading class java/util/stream/ReduceOps$1ReducingSink done
Event: 4.805 Thread 0x00000261e55d49c0 Thread added: 0x00000261e55d49c0
Event: 5.051 loading class java/beans/Introspector
Event: 5.053 loading class java/beans/Introspector done
Event: 5.053 loading class java/beans/EventSetDescriptor
Event: 5.054 loading class java/beans/FeatureDescriptor
Event: 5.054 loading class java/beans/FeatureDescriptor done
Event: 5.054 loading class java/beans/EventSetDescriptor done
Event: 5.054 loading class java/beans/Introspector$1
Event: 5.054 loading class jdk/internal/access/JavaBeansAccess
Event: 5.054 loading class jdk/internal/access/JavaBeansAccess done
Event: 5.054 loading class java/beans/Introspector$1 done


Dynamic libraries:
0x00007ff602720000 - 0x00007ff602730000 	C:\Program Files\Java\jdk-17.0.1\bin\java.exe
0x00007ffedc3c0000 - 0x00007ffedc5c7000 	C:\WINDOWS\SYSTEM32\ntdll.dll
0x00007ffedb2a0000 - 0x00007ffedb35d000 	C:\WINDOWS\System32\KERNEL32.DLL
0x00007ffed9c30000 - 0x00007ffed9fa4000 	C:\WINDOWS\System32\KERNELBASE.dll
0x00007ffed9a90000 - 0x00007ffed9ba1000 	C:\WINDOWS\System32\ucrtbase.dll
0x00007ffec5990000 - 0x00007ffec59a8000 	C:\Program Files\Java\jdk-17.0.1\bin\jli.dll
0x00007ffebb4e0000 - 0x00007ffebb4fa000 	C:\Program Files\Java\jdk-17.0.1\bin\VCRUNTIME140.dll
0x00007ffedae10000 - 0x00007ffedaebc000 	C:\WINDOWS\System32\ADVAPI32.dll
0x00007ffeda8a0000 - 0x00007ffeda943000 	C:\WINDOWS\System32\msvcrt.dll
0x00007ffedad70000 - 0x00007ffedae0d000 	C:\WINDOWS\System32\sechost.dll
0x00007ffedaec0000 - 0x00007ffedafe1000 	C:\WINDOWS\System32\RPCRT4.dll
0x00007ffedaa50000 - 0x00007ffedabfc000 	C:\WINDOWS\System32\USER32.dll
0x00007ffec4e40000 - 0x00007ffec50e5000 	C:\WINDOWS\WinSxS\amd64_microsoft.windows.common-controls_6595b64144ccf1df_6.0.22000.120_none_9d947278b86cc467\COMCTL32.dll
0x00007ffed98a0000 - 0x00007ffed98c6000 	C:\WINDOWS\System32\win32u.dll
0x00007ffedb360000 - 0x00007ffedb389000 	C:\WINDOWS\System32\GDI32.dll
0x00007ffed98d0000 - 0x00007ffed99e2000 	C:\WINDOWS\System32\gdi32full.dll
0x00007ffed99f0000 - 0x00007ffed9a8d000 	C:\WINDOWS\System32\msvcp_win.dll
0x00007ffed3530000 - 0x00007ffed353a000 	C:\WINDOWS\SYSTEM32\VERSION.dll
0x00007ffedb400000 - 0x00007ffedb431000 	C:\WINDOWS\System32\IMM32.DLL
0x00007ffecb160000 - 0x00007ffecb16c000 	C:\Program Files\Java\jdk-17.0.1\bin\vcruntime140_1.dll
0x00007ffe94d70000 - 0x00007ffe94dfd000 	C:\Program Files\Java\jdk-17.0.1\bin\msvcp140.dll
0x00007ffe6f7d0000 - 0x00007ffe7038e000 	C:\Program Files\Java\jdk-17.0.1\bin\server\jvm.dll
0x00007ffeda2c0000 - 0x00007ffeda2c8000 	C:\WINDOWS\System32\PSAPI.DLL
0x00007ffed5960000 - 0x00007ffed5969000 	C:\WINDOWS\SYSTEM32\WSOCK32.dll
0x00007ffed3910000 - 0x00007ffed3943000 	C:\WINDOWS\SYSTEM32\WINMM.dll
0x00007ffeda250000 - 0x00007ffeda2bf000 	C:\WINDOWS\System32\WS2_32.dll
0x00007ffed8a30000 - 0x00007ffed8a48000 	C:\WINDOWS\SYSTEM32\kernel.appcore.dll
0x00007ffeba900000 - 0x00007ffeba90a000 	C:\Program Files\Java\jdk-17.0.1\bin\jimage.dll
0x00007ffed7460000 - 0x00007ffed7681000 	C:\WINDOWS\SYSTEM32\DBGHELP.DLL
0x00007ffec0370000 - 0x00007ffec03a1000 	C:\WINDOWS\SYSTEM32\dbgcore.DLL
0x00007ffed9bb0000 - 0x00007ffed9c2f000 	C:\WINDOWS\System32\bcryptPrimitives.dll
0x00007ffe94d40000 - 0x00007ffe94d65000 	C:\Program Files\Java\jdk-17.0.1\bin\java.dll
0x00007ffe94c60000 - 0x00007ffe94d36000 	C:\Program Files\Java\jdk-17.0.1\bin\svml.dll
0x00007ffedb610000 - 0x00007ffedbdbe000 	C:\WINDOWS\System32\SHELL32.dll
0x00007ffed7a40000 - 0x00007ffed82a7000 	C:\WINDOWS\SYSTEM32\windows.storage.dll
0x00007ffeda2d0000 - 0x00007ffeda648000 	C:\WINDOWS\System32\combase.dll
0x00007ffed78d0000 - 0x00007ffed7a36000 	C:\WINDOWS\SYSTEM32\wintypes.dll
0x00007ffedac80000 - 0x00007ffedad6a000 	C:\WINDOWS\System32\SHCORE.dll
0x00007ffedbe20000 - 0x00007ffedbe7d000 	C:\WINDOWS\System32\shlwapi.dll
0x00007ffed97d0000 - 0x00007ffed97f1000 	C:\WINDOWS\SYSTEM32\profapi.dll
0x00007ffea5fc0000 - 0x00007ffea5fd9000 	C:\Program Files\Java\jdk-17.0.1\bin\net.dll
0x00007ffed2250000 - 0x00007ffed235c000 	C:\WINDOWS\SYSTEM32\WINHTTP.dll
0x00007ffed8ec0000 - 0x00007ffed8f27000 	C:\WINDOWS\system32\mswsock.dll
0x00007ffe95580000 - 0x00007ffe95595000 	C:\Program Files\Java\jdk-17.0.1\bin\nio.dll
0x00007ffe94c40000 - 0x00007ffe94c58000 	C:\Program Files\Java\jdk-17.0.1\bin\zip.dll
0x00007ffeb4d30000 - 0x00007ffeb4d40000 	C:\Program Files\Java\jdk-17.0.1\bin\verify.dll
0x00007ffe94a90000 - 0x00007ffe94ab7000 	C:\Users\the_developer\gradle-7.1.1\native\e1d6ef7f7dcc3fd88c89a11ec53ec762bb8ba0a96d01ffa2cd45eb1d1d8dd5c5\windows-amd64\native-platform.dll
0x00007ffe87720000 - 0x00007ffe87864000 	C:\Users\the_developer\gradle-7.1.1\native\5664cfc778a61ccfe75a443a1ab52a65af34e5dc3c78e0209fed803814484fcb\windows-amd64\native-platform-file-events.dll
0x00007ffeb4bb0000 - 0x00007ffeb4bb9000 	C:\Program Files\Java\jdk-17.0.1\bin\management.dll
0x00007ffeb43c0000 - 0x00007ffeb43cb000 	C:\Program Files\Java\jdk-17.0.1\bin\management_ext.dll
0x00007ffed9100000 - 0x00007ffed9118000 	C:\WINDOWS\SYSTEM32\CRYPTSP.dll
0x00007ffed8990000 - 0x00007ffed89c5000 	C:\WINDOWS\system32\rsaenh.dll
0x00007ffed8fb0000 - 0x00007ffed8fd9000 	C:\WINDOWS\SYSTEM32\USERENV.dll
0x00007ffed9280000 - 0x00007ffed92a7000 	C:\WINDOWS\SYSTEM32\bcrypt.dll
0x00007ffed9120000 - 0x00007ffed912c000 	C:\WINDOWS\SYSTEM32\CRYPTBASE.dll
0x00007ffed8570000 - 0x00007ffed859d000 	C:\WINDOWS\SYSTEM32\IPHLPAPI.DLL
0x00007ffedaa40000 - 0x00007ffedaa49000 	C:\WINDOWS\System32\NSI.dll
0x00007ffed3650000 - 0x00007ffed3669000 	C:\WINDOWS\SYSTEM32\dhcpcsvc6.DLL
0x00007ffed38f0000 - 0x00007ffed390e000 	C:\WINDOWS\SYSTEM32\dhcpcsvc.DLL
0x00007ffed85e0000 - 0x00007ffed86c7000 	C:\WINDOWS\SYSTEM32\DNSAPI.dll
0x00007ffeb0f20000 - 0x00007ffeb0f2e000 	C:\Program Files\Java\jdk-17.0.1\bin\sunmscapi.dll
0x00007ffed9fb0000 - 0x00007ffeda112000 	C:\WINDOWS\System32\CRYPT32.dll
0x00007ffed9250000 - 0x00007ffed9278000 	C:\WINDOWS\SYSTEM32\ncrypt.dll
0x00007ffed9210000 - 0x00007ffed9247000 	C:\WINDOWS\SYSTEM32\NTASN1.dll
0x00007ffeaced0000 - 0x00007ffeaced8000 	C:\WINDOWS\system32\wshunix.dll

dbghelp: loaded successfully - version: 4.0.5 - missing functions: none
symbol engine: initialized successfully - sym options: 0x614 - pdb path: .;C:\Program Files\Java\jdk-17.0.1\bin;C:\WINDOWS\SYSTEM32;C:\WINDOWS\WinSxS\amd64_microsoft.windows.common-controls_6595b64144ccf1df_6.0.22000.120_none_9d947278b86cc467;C:\Program Files\Java\jdk-17.0.1\bin\server;C:\Users\the_developer\gradle-7.1.1\native\e1d6ef7f7dcc3fd88c89a11ec53ec762bb8ba0a96d01ffa2cd45eb1d1d8dd5c5\windows-amd64;C:\Users\the_developer\gradle-7.1.1\native\5664cfc778a61ccfe75a443a1ab52a65af34e5dc3c78e0209fed803814484fcb\windows-amd64

VM Arguments:
jvm_args: --add-opens=java.base/java.util=ALL-UNNAMED --add-opens=java.base/java.lang=ALL-UNNAMED --add-opens=java.base/java.lang.invoke=ALL-UNNAMED --add-opens=java.base/java.util=ALL-UNNAMED --add-opens=java.prefs/java.util.prefs=ALL-UNNAMED --add-opens=java.prefs/java.util.prefs=ALL-UNNAMED --add-opens=java.base/java.nio.charset=ALL-UNNAMED --add-opens=java.base/java.net=ALL-UNNAMED --add-opens=java.base/java.util.concurrent.atomic=ALL-UNNAMED -Xmx2048m -Dfile.encoding=UTF-8 -Duser.country=IN -Duser.language=en -Duser.variant 
java_command: org.gradle.launcher.daemon.bootstrap.GradleDaemon 7.2
java_class_path (initial): C:\Users\the_developer\gradle-7.1.1\wrapper\dists\gradle-7.2-bin\2dnblmf4td7x66yl1d74lt32g\gradle-7.2\lib\gradle-launcher-7.2.jar
Launcher Type: SUN_STANDARD

[Global flags]
     intx CICompilerCount                          = 4                                         {product} {ergonomic}
     uint ConcGCThreads                            = 2                                         {product} {ergonomic}
     uint G1ConcRefinementThreads                  = 8                                         {product} {ergonomic}
   size_t G1HeapRegionSize                         = 1048576                                   {product} {ergonomic}
    uintx GCDrainStackTargetSize                   = 64                                        {product} {ergonomic}
   size_t InitialHeapSize                          = 132120576                                 {product} {ergonomic}
   size_t MarkStackSize                            = 4194304                                   {product} {ergonomic}
   size_t MaxHeapSize                              = 2147483648                                {product} {command line}
   size_t MaxNewSize                               = 1287651328                                {product} {ergonomic}
   size_t MinHeapDeltaBytes                        = 1048576                                   {product} {ergonomic}
   size_t MinHeapSize                              = 8388608                                   {product} {ergonomic}
    uintx NonNMethodCodeHeapSize                   = 5839372                                {pd product} {ergonomic}
    uintx NonProfiledCodeHeapSize                  = 122909434                              {pd product} {ergonomic}
    uintx ProfiledCodeHeapSize                     = 122909434                              {pd product} {ergonomic}
    uintx ReservedCodeCacheSize                    = 251658240                              {pd product} {ergonomic}
     bool SegmentedCodeCache                       = true                                      {product} {ergonomic}
   size_t SoftMaxHeapSize                          = 2147483648                             {manageable} {ergonomic}
     bool UseCompressedClassPointers               = true                           {product lp64_product} {ergonomic}
     bool UseCompressedOops                        = true                           {product lp64_product} {ergonomic}
     bool UseG1GC                                  = true                                      {product} {ergonomic}
     bool UseLargePagesIndividualAllocation        = false                                  {pd product} {ergonomic}

Logging:
Log output configuration:
 #0: stdout all=warning uptime,level,tags
 #1: stderr all=off uptime,level,tags

Environment Variables:
JAVA_HOME=C:\Program Files\Java\jdk-17.0.1
PATH=C:\Program Files\Common Files\Oracle\Java\javapath;C:\Program Files (x86)\Common Files\Intel\Shared Libraries\redist\intel64\compiler;C:\Program Files (x86)\PC Connectivity Solution\;C:\Program Files\Java\jdk-17.0.1;C:\Windows\System32;"C:\Program Files\Git\bin\git.exe;C:\Program Files\Git\cmd;";"C:\Users\the_developer\Documents\developer_projects\Git\git.exe;C:\Users\the_developer\Documents\developer_projects\Git\cmd;;C:\Program Files\NVIDIA Corporation\NVIDIA NvDLISR;C:\Program Files (x86)\Intel\Intel(R) Memory And Storage Tool\;C:\Program Files\MySQL\MySQL Server 5.5\bin;C:\WINDOWS\system32;C:\WINDOWS;C:\WINDOWS\System32\Wbem;C:\WINDOWS\System32\WindowsPowerShell\v1.0\;C:\WINDOWS\System32\OpenSSH\";C:\Program Files\flutter\bin;C:\Program Files\MySQL\MySQL Shell 8.0\bin\;C:\Users\the_developer\AppData\Local\Microsoft\WindowsApps;C:\Users\the_developer\AppData\Local\Programs\Microsoft VS Code\bin;C:\Users\the_developer\AppData\Local\Microsoft\WindowsApps;C:\Program Files\flutter;C:\Windows\System32\WindowsPowerShell\v1.0;C:\Users\the_developer\AppData\Local\Android\Sdk\tools;C:\Users\the_developer\AppData\Local\Android\Sdk\platform-tools;
USERNAME=the_developer
OS=Windows_NT
PROCESSOR_IDENTIFIER=Intel64 Family 6 Model 158 Stepping 10, GenuineIntel



---------------  S Y S T E M  ---------------

OS:
 Windows 10 , 64 bit Build 22000 (10.0.22000.318)
OS uptime: 0 days 0:10 hours

CPU: total 8 (initial active 8) (4 cores per cpu, 2 threads per core) family 6 model 158 stepping 10 microcode 0xde, cx8, cmov, fxsr, ht, mmx, 3dnowpref, sse, sse2, sse3, ssse3, sse4.1, sse4.2, popcnt, lzcnt, tsc, tscinvbit, avx, avx2, aes, erms, clmul, bmi1, bmi2, adx, fma, vzeroupper, clflush, clflushopt

Memory: 4k page, system-wide physical 8043M (1608M free)
TotalPageFile size 8043M (AvailPageFile size 3M)
current process WorkingSet (physical memory assigned to process): 177M, peak: 177M
current process commit charge ("private bytes"): 276M, peak: 276M

vm_info: Java HotSpot(TM) 64-Bit Server VM (17.0.1+12-LTS-39) for windows-amd64 JRE (17.0.1+12-LTS-39), built on Sep 27 2021 18:41:35 by "mach5one" with MS VC++ 16.8 (VS2019)

END.
